# JRE version: OpenJDK Runtime Environment GraalVM CE 22.3.0 (17.0.5+8) (build 17.0.5+8-jvmci-22.3-b08)
# Java VM: OpenJDK 64-Bit Server VM GraalVM CE 22.3.0 (17.0.5+8-jvmci-22.3-b08, mixed mode, sharing, tiered, jvmci, jvmci compiler, compressed oops, compressed class ptrs, parallel gc, linux-amd64)
GC Precious Log:
 CPUs: 16 total, 1 available
 Memory: 1024M
 Large Page Support: Disabled
 NUMA Support: Disabled
 Compressed Oops: Enabled (32-bit)
 Alignments: Space 512K, Generation 512K, Heap 2M
 Heap Min Capacity: 100M
 Heap Initial Capacity: 100M
 Heap Max Capacity: 512M
 Pre-touch: Disabled
 Parallel Workers: 1
Heap:
 PSYoungGen      total 61440K, used 45568K [0x00000000f5580000, 0x00000000fa900000, 0x0000000100000000)
  eden space 45568K, 100% used [0x00000000f5580000,0x00000000f8200000,0x00000000f8200000)
  from space 15872K, 0% used [0x00000000f9980000,0x00000000f9980000,0x00000000fa900000)
  to   space 13824K, 0% used [0x00000000f8200000,0x00000000f8200000,0x00000000f8f80000)
 ParOldGen       total 349696K, used 349695K [0x00000000e0000000, 0x00000000f5580000, 0x00000000f5580000)
  object space 349696K, 99% used [0x00000000e0000000,0x00000000f557ffd8,0x00000000f5580000)
 Metaspace       used 56920K, committed 57792K, reserved 1105920K
  class space    used 5663K, committed 6016K, reserved 1048576K
GC Heap History (20 events):
Event: 650.432 GC heap before
{Heap before GC invocations=327 (full 236):
 PSYoungGen      total 61440K, used 45567K [0x00000000f5580000, 0x00000000fa900000, 0x0000000100000000)
  eden space 45568K, 99% used [0x00000000f5580000,0x00000000f81ffff8,0x00000000f8200000)
  from space 15872K, 0% used [0x00000000f9980000,0x00000000f9980000,0x00000000fa900000)
  to   space 13824K, 0% used [0x00000000f8200000,0x00000000f8200000,0x00000000f8f80000)
 ParOldGen       total 349696K, used 349695K [0x00000000e0000000, 0x00000000f5580000, 0x00000000f5580000)
  object space 349696K, 99% used [0x00000000e0000000,0x00000000f557fff0,0x00000000f5580000)
 Metaspace       used 56919K, committed 57792K, reserved 1105920K
  class space    used 5663K, committed 6016K, reserved 1048576K
}
Event: 652.817 GC heap after
{Heap after GC invocations=327 (full 236):
 PSYoungGen      total 59392K, used 45567K [0x00000000f5580000, 0x00000000fa900000, 0x0000000100000000)
  eden space 45568K, 99% used [0x00000000f5580000,0x00000000f81ffff8,0x00000000f8200000)
  from space 13824K, 0% used [0x00000000f8200000,0x00000000f8200000,0x00000000f8f80000)
  to   space 15872K, 0% used [0x00000000f9980000,0x00000000f9980000,0x00000000fa900000)
 ParOldGen       total 349696K, used 349695K [0x00000000e0000000, 0x00000000f5580000, 0x00000000f5580000)
  object space 349696K, 99% used [0x00000000e0000000,0x00000000f557fff0,0x00000000f5580000)
 Metaspace       used 56919K, committed 57792K, reserved 1105920K
  class space    used 5663K, committed 6016K, reserved 1048576K
}
Event: 652.817 GC heap before
{Heap before GC invocations=328 (full 237):
 PSYoungGen      total 59392K, used 45567K [0x00000000f5580000, 0x00000000fa900000, 0x0000000100000000)
  eden space 45568K, 99% used [0x00000000f5580000,0x00000000f81ffff8,0x00000000f8200000)
  from space 13824K, 0% used [0x00000000f8200000,0x00000000f8200000,0x00000000f8f80000)
  to   space 15872K, 0% used [0x00000000f9980000,0x00000000f9980000,0x00000000fa900000)
 ParOldGen       total 349696K, used 349695K [0x00000000e0000000, 0x00000000f5580000, 0x00000000f5580000)
  object space 349696K, 99% used [0x00000000e0000000,0x00000000f557fff0,0x00000000f5580000)
 Metaspace       used 56919K, committed 57792K, reserved 1105920K
  class space    used 5663K, committed 6016K, reserved 1048576K
}
Event: 655.091 GC heap after
{Heap after GC invocations=328 (full 237):
 PSYoungGen      total 61440K, used 45567K [0x00000000f5580000, 0x00000000fa900000, 0x0000000100000000)
  eden space 45568K, 99% used [0x00000000f5580000,0x00000000f81ffff8,0x00000000f8200000)
  from space 15872K, 0% used [0x00000000f9980000,0x00000000f9980000,0x00000000fa900000)
  to   space 13824K, 0% used [0x00000000f8200000,0x00000000f8200000,0x00000000f8f80000)
 ParOldGen       total 349696K, used 349695K [0x00000000e0000000, 0x00000000f5580000, 0x00000000f5580000)
  object space 349696K, 99% used [0x00000000e0000000,0x00000000f557fff0,0x00000000f5580000)
 Metaspace       used 56919K, committed 57792K, reserved 1105920K
  class space    used 5663K, committed 6016K, reserved 1048576K
}
Event: 655.091 GC heap before
{Heap before GC invocations=329 (full 238):
 PSYoungGen      total 61440K, used 45567K [0x00000000f5580000, 0x00000000fa900000, 0x0000000100000000)
  eden space 45568K, 99% used [0x00000000f5580000,0x00000000f81ffff8,0x00000000f8200000)
  from space 15872K, 0% used [0x00000000f9980000,0x00000000f9980000,0x00000000fa900000)
  to   space 13824K, 0% used [0x00000000f8200000,0x00000000f8200000,0x00000000f8f80000)
 ParOldGen       total 349696K, used 349695K [0x00000000e0000000, 0x00000000f5580000, 0x00000000f5580000)
  object space 349696K, 99% used [0x00000000e0000000,0x00000000f557fff0,0x00000000f5580000)
 Metaspace       used 56919K, committed 57792K, reserved 1105920K
  class space    used 5663K, committed 6016K, reserved 1048576K
}
Event: 657.425 GC heap after
{Heap after GC invocations=329 (full 238):
 PSYoungGen      total 59392K, used 45567K [0x00000000f5580000, 0x00000000fa900000, 0x0000000100000000)
  eden space 45568K, 99% used [0x00000000f5580000,0x00000000f81ffff8,0x00000000f8200000)
  from space 13824K, 0% used [0x00000000f8200000,0x00000000f8200000,0x00000000f8f80000)
  to   space 15872K, 0% used [0x00000000f9980000,0x00000000f9980000,0x00000000fa900000)
 ParOldGen       total 349696K, used 349694K [0x00000000e0000000, 0x00000000f5580000, 0x00000000f5580000)
  object space 349696K, 99% used [0x00000000e0000000,0x00000000f557fa50,0x00000000f5580000)
 Metaspace       used 56919K, committed 57792K, reserved 1105920K
  class space    used 5663K, committed 6016K, reserved 1048576K
}
Event: 657.426 GC heap before
{Heap before GC invocations=330 (full 239):
 PSYoungGen      total 59392K, used 45567K [0x00000000f5580000, 0x00000000fa900000, 0x0000000100000000)
  eden space 45568K, 99% used [0x00000000f5580000,0x00000000f81ffff8,0x00000000f8200000)
  from space 13824K, 0% used [0x00000000f8200000,0x00000000f8200000,0x00000000f8f80000)
  to   space 15872K, 0% used [0x00000000f9980000,0x00000000f9980000,0x00000000fa900000)
 ParOldGen       total 349696K, used 349695K [0x00000000e0000000, 0x00000000f5580000, 0x00000000f5580000)
  object space 349696K, 99% used [0x00000000e0000000,0x00000000f557fff8,0x00000000f5580000)
 Metaspace       used 56919K, committed 57792K, reserved 1105920K
  class space    used 5663K, committed 6016K, reserved 1048576K
}
Event: 659.593 GC heap after
{Heap after GC invocations=330 (full 239):
 PSYoungGen      total 61440K, used 45567K [0x00000000f5580000, 0x00000000fa900000, 0x0000000100000000)
  eden space 45568K, 99% used [0x00000000f5580000,0x00000000f81ffff8,0x00000000f8200000)
  from space 15872K, 0% used [0x00000000f9980000,0x00000000f9980000,0x00000000fa900000)
  to   space 13824K, 0% used [0x00000000f8200000,0x00000000f8200000,0x00000000f8f80000)
 ParOldGen       total 349696K, used 349695K [0x00000000e0000000, 0x00000000f5580000, 0x00000000f5580000)
  object space 349696K, 99% used [0x00000000e0000000,0x00000000f557fdd8,0x00000000f5580000)
 Metaspace       used 56919K, committed 57792K, reserved 1105920K
  class space    used 5663K, committed 6016K, reserved 1048576K
}
Event: 659.597 GC heap before
{Heap before GC invocations=331 (full 240):
 PSYoungGen      total 61440K, used 45567K [0x00000000f5580000, 0x00000000fa900000, 0x0000000100000000)
  eden space 45568K, 99% used [0x00000000f5580000,0x00000000f81ffff8,0x00000000f8200000)
  from space 15872K, 0% used [0x00000000f9980000,0x00000000f9980000,0x00000000fa900000)
  to   space 13824K, 0% used [0x00000000f8200000,0x00000000f8200000,0x00000000f8f80000)
 ParOldGen       total 349696K, used 349695K [0x00000000e0000000, 0x00000000f5580000, 0x00000000f5580000)
  object space 349696K, 99% used [0x00000000e0000000,0x00000000f557ffb0,0x00000000f5580000)
 Metaspace       used 56919K, committed 57792K, reserved 1105920K
  class space    used 5663K, committed 6016K, reserved 1048576K
}
Event: 661.897 GC heap after
{Heap after GC invocations=331 (full 240):
 PSYoungGen      total 59392K, used 45567K [0x00000000f5580000, 0x00000000fa900000, 0x0000000100000000)
  eden space 45568K, 99% used [0x00000000f5580000,0x00000000f81ffff8,0x00000000f8200000)
  from space 13824K, 0% used [0x00000000f8200000,0x00000000f8200000,0x00000000f8f80000)
  to   space 15872K, 0% used [0x00000000f9980000,0x00000000f9980000,0x00000000fa900000)
 ParOldGen       total 349696K, used 349695K [0x00000000e0000000, 0x00000000f5580000, 0x00000000f5580000)
  object space 349696K, 99% used [0x00000000e0000000,0x00000000f557ffb0,0x00000000f5580000)
 Metaspace       used 56919K, committed 57792K, reserved 1105920K
  class space    used 5663K, committed 6016K, reserved 1048576K
}
Event: 661.900 GC heap before
{Heap before GC invocations=332 (full 241):
 PSYoungGen      total 59392K, used 45567K [0x00000000f5580000, 0x00000000fa900000, 0x0000000100000000)
  eden space 45568K, 99% used [0x00000000f5580000,0x00000000f81ffff8,0x00000000f8200000)
  from space 13824K, 0% used [0x00000000f8200000,0x00000000f8200000,0x00000000f8f80000)
  to   space 15872K, 0% used [0x00000000f9980000,0x00000000f9980000,0x00000000fa900000)
 ParOldGen       total 349696K, used 349695K [0x00000000e0000000, 0x00000000f5580000, 0x00000000f5580000)
  object space 349696K, 99% used [0x00000000e0000000,0x00000000f557fff0,0x00000000f5580000)
 Metaspace       used 56919K, committed 57792K, reserved 1105920K
  class space    used 5663K, committed 6016K, reserved 1048576K
}
Event: 663.893 GC heap after
{Heap after GC invocations=332 (full 241):
 PSYoungGen      total 61440K, used 45567K [0x00000000f5580000, 0x00000000fa900000, 0x0000000100000000)
  eden space 45568K, 99% used [0x00000000f5580000,0x00000000f81ffff8,0x00000000f8200000)
  from space 15872K, 0% used [0x00000000f9980000,0x00000000f9980000,0x00000000fa900000)
  to   space 13824K, 0% used [0x00000000f8200000,0x00000000f8200000,0x00000000f8f80000)
 ParOldGen       total 349696K, used 349695K [0x00000000e0000000, 0x00000000f5580000, 0x00000000f5580000)
  object space 349696K, 99% used [0x00000000e0000000,0x00000000f557fff0,0x00000000f5580000)
 Metaspace       used 56919K, committed 57792K, reserved 1105920K
  class space    used 5663K, committed 6016K, reserved 1048576K
}
Event: 663.894 GC heap before
{Heap before GC invocations=333 (full 242):
 PSYoungGen      total 61440K, used 45567K [0x00000000f5580000, 0x00000000fa900000, 0x0000000100000000)
  eden space 45568K, 99% used [0x00000000f5580000,0x00000000f81ffff8,0x00000000f8200000)
  from space 15872K, 0% used [0x00000000f9980000,0x00000000f9980000,0x00000000fa900000)
  to   space 13824K, 0% used [0x00000000f8200000,0x00000000f8200000,0x00000000f8f80000)
 ParOldGen       total 349696K, used 349695K [0x00000000e0000000, 0x00000000f5580000, 0x00000000f5580000)
  object space 349696K, 99% used [0x00000000e0000000,0x00000000f557fff0,0x00000000f5580000)
 Metaspace       used 56919K, committed 57792K, reserved 1105920K
  class space    used 5663K, committed 6016K, reserved 1048576K
}
Event: 665.987 GC heap after
{Heap after GC invocations=333 (full 242):
 PSYoungGen      total 59392K, used 45567K [0x00000000f5580000, 0x00000000fa900000, 0x0000000100000000)
  eden space 45568K, 99% used [0x00000000f5580000,0x00000000f81ffff8,0x00000000f8200000)
  from space 13824K, 0% used [0x00000000f8200000,0x00000000f8200000,0x00000000f8f80000)
  to   space 15872K, 0% used [0x00000000f9980000,0x00000000f9980000,0x00000000fa900000)
 ParOldGen       total 349696K, used 349695K [0x00000000e0000000, 0x00000000f5580000, 0x00000000f5580000)
  object space 349696K, 99% used [0x00000000e0000000,0x00000000f557fff0,0x00000000f5580000)
 Metaspace       used 56919K, committed 57792K, reserved 1105920K
  class space    used 5663K, committed 6016K, reserved 1048576K
}
Event: 665.988 GC heap before
{Heap before GC invocations=334 (full 243):
 PSYoungGen      total 59392K, used 45567K [0x00000000f5580000, 0x00000000fa900000, 0x0000000100000000)
  eden space 45568K, 99% used [0x00000000f5580000,0x00000000f81ffff8,0x00000000f8200000)
  from space 13824K, 0% used [0x00000000f8200000,0x00000000f8200000,0x00000000f8f80000)
  to   space 15872K, 0% used [0x00000000f9980000,0x00000000f9980000,0x00000000fa900000)
 ParOldGen       total 349696K, used 349695K [0x00000000e0000000, 0x00000000f5580000, 0x00000000f5580000)
  object space 349696K, 99% used [0x00000000e0000000,0x00000000f557fff0,0x00000000f5580000)
 Metaspace       used 56919K, committed 57792K, reserved 1105920K
  class space    used 5663K, committed 6016K, reserved 1048576K
}
Event: 668.196 GC heap after
{Heap after GC invocations=334 (full 243):
 PSYoungGen      total 61440K, used 45567K [0x00000000f5580000, 0x00000000fa900000, 0x0000000100000000)
  eden space 45568K, 99% used [0x00000000f5580000,0x00000000f81ffff8,0x00000000f8200000)
  from space 15872K, 0% used [0x00000000f9980000,0x00000000f9980000,0x00000000fa900000)
  to   space 13824K, 0% used [0x00000000f8200000,0x00000000f8200000,0x00000000f8f80000)
 ParOldGen       total 349696K, used 349694K [0x00000000e0000000, 0x00000000f5580000, 0x00000000f5580000)
  object space 349696K, 99% used [0x00000000e0000000,0x00000000f557fa30,0x00000000f5580000)
 Metaspace       used 56919K, committed 57792K, reserved 1105920K
  class space    used 5663K, committed 6016K, reserved 1048576K
}
Event: 668.196 GC heap before
{Heap before GC invocations=335 (full 244):
 PSYoungGen      total 61440K, used 45567K [0x00000000f5580000, 0x00000000fa900000, 0x0000000100000000)
  eden space 45568K, 99% used [0x00000000f5580000,0x00000000f81ffff8,0x00000000f8200000)
  from space 15872K, 0% used [0x00000000f9980000,0x00000000f9980000,0x00000000fa900000)
  to   space 13824K, 0% used [0x00000000f8200000,0x00000000f8200000,0x00000000f8f80000)
 ParOldGen       total 349696K, used 349694K [0x00000000e0000000, 0x00000000f5580000, 0x00000000f5580000)
  object space 349696K, 99% used [0x00000000e0000000,0x00000000f557fbd0,0x00000000f5580000)
 Metaspace       used 56920K, committed 57792K, reserved 1105920K
  class space    used 5663K, committed 6016K, reserved 1048576K
}
Event: 670.886 GC heap after
{Heap after GC invocations=335 (full 244):
 PSYoungGen      total 59392K, used 45567K [0x00000000f5580000, 0x00000000fa900000, 0x0000000100000000)
  eden space 45568K, 99% used [0x00000000f5580000,0x00000000f81fffe0,0x00000000f8200000)
  from space 13824K, 0% used [0x00000000f8200000,0x00000000f8200000,0x00000000f8f80000)
  to   space 15872K, 0% used [0x00000000f9980000,0x00000000f9980000,0x00000000fa900000)
 ParOldGen       total 349696K, used 349694K [0x00000000e0000000, 0x00000000f5580000, 0x00000000f5580000)
  object space 349696K, 99% used [0x00000000e0000000,0x00000000f557fba0,0x00000000f5580000)
 Metaspace       used 56920K, committed 57792K, reserved 1105920K
  class space    used 5663K, committed 6016K, reserved 1048576K
}
Event: 670.886 GC heap before
{Heap before GC invocations=336 (full 245):
 PSYoungGen      total 59392K, used 45567K [0x00000000f5580000, 0x00000000fa900000, 0x0000000100000000)
  eden space 45568K, 99% used [0x00000000f5580000,0x00000000f81fffe0,0x00000000f8200000)
  from space 13824K, 0% used [0x00000000f8200000,0x00000000f8200000,0x00000000f8f80000)
  to   space 15872K, 0% used [0x00000000f9980000,0x00000000f9980000,0x00000000fa900000)
 ParOldGen       total 349696K, used 349694K [0x00000000e0000000, 0x00000000f5580000, 0x00000000f5580000)
  object space 349696K, 99% used [0x00000000e0000000,0x00000000f557fba0,0x00000000f5580000)
 Metaspace       used 56920K, committed 57792K, reserved 1105920K
  class space    used 5663K, committed 6016K, reserved 1048576K
}
Event: 673.331 GC heap after
{Heap after GC invocations=336 (full 245):
 PSYoungGen      total 61440K, used 45567K [0x00000000f5580000, 0x00000000fa900000, 0x0000000100000000)
  eden space 45568K, 99% used [0x00000000f5580000,0x00000000f81fffe0,0x00000000f8200000)
  from space 15872K, 0% used [0x00000000f9980000,0x00000000f9980000,0x00000000fa900000)
  to   space 13824K, 0% used [0x00000000f8200000,0x00000000f8200000,0x00000000f8f80000)
 ParOldGen       total 349696K, used 349694K [0x00000000e0000000, 0x00000000f5580000, 0x00000000f5580000)
  object space 349696K, 99% used [0x00000000e0000000,0x00000000f557fba0,0x00000000f5580000)
 Metaspace       used 56920K, committed 57792K, reserved 1105920K
  class space    used 5663K, committed 6016K, reserved 1048576K
}

