# JRE version: OpenJDK Runtime Environment GraalVM CE 22.3.0 (17.0.5+8) (build 17.0.5+8-jvmci-22.3-b08)
# Java VM: OpenJDK 64-Bit Server VM GraalVM CE 22.3.0 (17.0.5+8-jvmci-22.3-b08, mixed mode, sharing, tiered, jvmci, jvmci compiler, compressed oops, compressed class ptrs, parallel gc, linux-amd64)
GC Precious Log:
 CPUs: 8 total, 1 available
 Memory: 1024M
 Large Page Support: Disabled
 NUMA Support: Disabled
 Compressed Oops: Enabled (32-bit)
 Alignments: Space 512K, Generation 512K, Heap 2M
 Heap Min Capacity: 100M
 Heap Initial Capacity: 100M
 Heap Max Capacity: 512M
 Pre-touch: Disabled
 Parallel Workers: 1
Heap:
 PSYoungGen      total 39936K, used 28672K [0x00000000f5580000, 0x00000000f8980000, 0x0000000100000000)
  eden space 28672K, 100% used [0x00000000f5580000,0x00000000f7180000,0x00000000f7180000)
  from space 11264K, 0% used [0x00000000f7580000,0x00000000f7580000,0x00000000f8080000)
  to   space 6656K, 0% used [0x00000000f8300000,0x00000000f8300000,0x00000000f8980000)
 ParOldGen       total 349696K, used 349694K [0x00000000e0000000, 0x00000000f5580000, 0x00000000f5580000)
  object space 349696K, 99% used [0x00000000e0000000,0x00000000f557f828,0x00000000f5580000)
 Metaspace       used 54921K, committed 55680K, reserved 1105920K
  class space    used 5484K, committed 5824K, reserved 1048576K
GC Heap History (20 events):
Event: 2070.081 GC heap before
{Heap before GC invocations=1727 (full 1624):
 PSYoungGen      total 39936K, used 28672K [0x00000000f5580000, 0x00000000f8980000, 0x0000000100000000)
  eden space 28672K, 100% used [0x00000000f5580000,0x00000000f7180000,0x00000000f7180000)
  from space 11264K, 0% used [0x00000000f7580000,0x00000000f7580000,0x00000000f8080000)
  to   space 6656K, 0% used [0x00000000f8300000,0x00000000f8300000,0x00000000f8980000)
 ParOldGen       total 349696K, used 349695K [0x00000000e0000000, 0x00000000f5580000, 0x00000000f5580000)
  object space 349696K, 99% used [0x00000000e0000000,0x00000000f557fff8,0x00000000f5580000)
 Metaspace       used 54921K, committed 55680K, reserved 1105920K
  class space    used 5484K, committed 5824K, reserved 1048576K
}
Event: 2071.249 GC heap after
{Heap after GC invocations=1727 (full 1624):
 PSYoungGen      total 35328K, used 28671K [0x00000000f5580000, 0x00000000f8980000, 0x0000000100000000)
  eden space 28672K, 99% used [0x00000000f5580000,0x00000000f717ffe0,0x00000000f7180000)
  from space 6656K, 0% used [0x00000000f8300000,0x00000000f8300000,0x00000000f8980000)
  to   space 11264K, 0% used [0x00000000f7580000,0x00000000f7580000,0x00000000f8080000)
 ParOldGen       total 349696K, used 349690K [0x00000000e0000000, 0x00000000f5580000, 0x00000000f5580000)
  object space 349696K, 99% used [0x00000000e0000000,0x00000000f557e978,0x00000000f5580000)
 Metaspace       used 54921K, committed 55680K, reserved 1105920K
  class space    used 5484K, committed 5824K, reserved 1048576K
}
Event: 2071.249 GC heap before
{Heap before GC invocations=1728 (full 1625):
 PSYoungGen      total 35328K, used 28671K [0x00000000f5580000, 0x00000000f8980000, 0x0000000100000000)
  eden space 28672K, 99% used [0x00000000f5580000,0x00000000f717fff8,0x00000000f7180000)
  from space 6656K, 0% used [0x00000000f8300000,0x00000000f8300000,0x00000000f8980000)
  to   space 11264K, 0% used [0x00000000f7580000,0x00000000f7580000,0x00000000f8080000)
 ParOldGen       total 349696K, used 349690K [0x00000000e0000000, 0x00000000f5580000, 0x00000000f5580000)
  object space 349696K, 99% used [0x00000000e0000000,0x00000000f557e978,0x00000000f5580000)
 Metaspace       used 54921K, committed 55680K, reserved 1105920K
  class space    used 5484K, committed 5824K, reserved 1048576K
}
Event: 2072.428 GC heap after
{Heap after GC invocations=1728 (full 1625):
 PSYoungGen      total 39936K, used 28671K [0x00000000f5580000, 0x00000000f8980000, 0x0000000100000000)
  eden space 28672K, 99% used [0x00000000f5580000,0x00000000f717ffd8,0x00000000f7180000)
  from space 11264K, 0% used [0x00000000f7580000,0x00000000f7580000,0x00000000f8080000)
  to   space 6656K, 0% used [0x00000000f8300000,0x00000000f8300000,0x00000000f8980000)
 ParOldGen       total 349696K, used 349690K [0x00000000e0000000, 0x00000000f5580000, 0x00000000f5580000)
  object space 349696K, 99% used [0x00000000e0000000,0x00000000f557e978,0x00000000f5580000)
 Metaspace       used 54921K, committed 55680K, reserved 1105920K
  class space    used 5484K, committed 5824K, reserved 1048576K
}
Event: 2072.428 GC heap before
{Heap before GC invocations=1729 (full 1626):
 PSYoungGen      total 39936K, used 28671K [0x00000000f5580000, 0x00000000f8980000, 0x0000000100000000)
  eden space 28672K, 99% used [0x00000000f5580000,0x00000000f717fff8,0x00000000f7180000)
  from space 11264K, 0% used [0x00000000f7580000,0x00000000f7580000,0x00000000f8080000)
  to   space 6656K, 0% used [0x00000000f8300000,0x00000000f8300000,0x00000000f8980000)
 ParOldGen       total 349696K, used 349690K [0x00000000e0000000, 0x00000000f5580000, 0x00000000f5580000)
  object space 349696K, 99% used [0x00000000e0000000,0x00000000f557e978,0x00000000f5580000)
 Metaspace       used 54921K, committed 55680K, reserved 1105920K
  class space    used 5484K, committed 5824K, reserved 1048576K
}
Event: 2073.549 GC heap after
{Heap after GC invocations=1729 (full 1626):
 PSYoungGen      total 35328K, used 28671K [0x00000000f5580000, 0x00000000f8980000, 0x0000000100000000)
  eden space 28672K, 99% used [0x00000000f5580000,0x00000000f717fff8,0x00000000f7180000)
  from space 6656K, 0% used [0x00000000f8300000,0x00000000f8300000,0x00000000f8980000)
  to   space 11264K, 0% used [0x00000000f7580000,0x00000000f7580000,0x00000000f8080000)
 ParOldGen       total 349696K, used 349690K [0x00000000e0000000, 0x00000000f5580000, 0x00000000f5580000)
  object space 349696K, 99% used [0x00000000e0000000,0x00000000f557e978,0x00000000f5580000)
 Metaspace       used 54921K, committed 55680K, reserved 1105920K
  class space    used 5484K, committed 5824K, reserved 1048576K
}
Event: 2073.550 GC heap before
{Heap before GC invocations=1730 (full 1627):
 PSYoungGen      total 35328K, used 28671K [0x00000000f5580000, 0x00000000f8980000, 0x0000000100000000)
  eden space 28672K, 99% used [0x00000000f5580000,0x00000000f717fff8,0x00000000f7180000)
  from space 6656K, 0% used [0x00000000f8300000,0x00000000f8300000,0x00000000f8980000)
  to   space 11264K, 0% used [0x00000000f7580000,0x00000000f7580000,0x00000000f8080000)
 ParOldGen       total 349696K, used 349694K [0x00000000e0000000, 0x00000000f5580000, 0x00000000f5580000)
  object space 349696K, 99% used [0x00000000e0000000,0x00000000f557fbc8,0x00000000f5580000)
 Metaspace       used 54921K, committed 55680K, reserved 1105920K
  class space    used 5484K, committed 5824K, reserved 1048576K
}
Event: 2074.629 GC heap after
{Heap after GC invocations=1730 (full 1627):
 PSYoungGen      total 39936K, used 28671K [0x00000000f5580000, 0x00000000f8980000, 0x0000000100000000)
  eden space 28672K, 99% used [0x00000000f5580000,0x00000000f717ffd8,0x00000000f7180000)
  from space 11264K, 0% used [0x00000000f7580000,0x00000000f7580000,0x00000000f8080000)
  to   space 6656K, 0% used [0x00000000f8300000,0x00000000f8300000,0x00000000f8980000)
 ParOldGen       total 349696K, used 349692K [0x00000000e0000000, 0x00000000f5580000, 0x00000000f5580000)
  object space 349696K, 99% used [0x00000000e0000000,0x00000000f557f140,0x00000000f5580000)
 Metaspace       used 54921K, committed 55680K, reserved 1105920K
  class space    used 5484K, committed 5824K, reserved 1048576K
}
Event: 2074.629 GC heap before
{Heap before GC invocations=1731 (full 1628):
 PSYoungGen      total 39936K, used 28671K [0x00000000f5580000, 0x00000000f8980000, 0x0000000100000000)
  eden space 28672K, 99% used [0x00000000f5580000,0x00000000f717fff0,0x00000000f7180000)
  from space 11264K, 0% used [0x00000000f7580000,0x00000000f7580000,0x00000000f8080000)
  to   space 6656K, 0% used [0x00000000f8300000,0x00000000f8300000,0x00000000f8980000)
 ParOldGen       total 349696K, used 349692K [0x00000000e0000000, 0x00000000f5580000, 0x00000000f5580000)
  object space 349696K, 99% used [0x00000000e0000000,0x00000000f557f140,0x00000000f5580000)
 Metaspace       used 54921K, committed 55680K, reserved 1105920K
  class space    used 5484K, committed 5824K, reserved 1048576K
}
Event: 2075.863 GC heap after
{Heap after GC invocations=1731 (full 1628):
 PSYoungGen      total 35328K, used 28671K [0x00000000f5580000, 0x00000000f8980000, 0x0000000100000000)
  eden space 28672K, 99% used [0x00000000f5580000,0x00000000f717fff0,0x00000000f7180000)
  from space 6656K, 0% used [0x00000000f8300000,0x00000000f8300000,0x00000000f8980000)
  to   space 11264K, 0% used [0x00000000f7580000,0x00000000f7580000,0x00000000f8080000)
 ParOldGen       total 349696K, used 349692K [0x00000000e0000000, 0x00000000f5580000, 0x00000000f5580000)
  object space 349696K, 99% used [0x00000000e0000000,0x00000000f557f120,0x00000000f5580000)
 Metaspace       used 54921K, committed 55680K, reserved 1105920K
  class space    used 5484K, committed 5824K, reserved 1048576K
}
Event: 2075.864 GC heap before
{Heap before GC invocations=1732 (full 1629):
 PSYoungGen      total 35328K, used 28672K [0x00000000f5580000, 0x00000000f8980000, 0x0000000100000000)
  eden space 28672K, 100% used [0x00000000f5580000,0x00000000f7180000,0x00000000f7180000)
  from space 6656K, 0% used [0x00000000f8300000,0x00000000f8300000,0x00000000f8980000)
  to   space 11264K, 0% used [0x00000000f7580000,0x00000000f7580000,0x00000000f8080000)
 ParOldGen       total 349696K, used 349694K [0x00000000e0000000, 0x00000000f5580000, 0x00000000f5580000)
  object space 349696K, 99% used [0x00000000e0000000,0x00000000f557fa70,0x00000000f5580000)
 Metaspace       used 54921K, committed 55680K, reserved 1105920K
  class space    used 5484K, committed 5824K, reserved 1048576K
}
Event: 2077.145 GC heap after
{Heap after GC invocations=1732 (full 1629):
 PSYoungGen      total 39936K, used 28671K [0x00000000f5580000, 0x00000000f8980000, 0x0000000100000000)
  eden space 28672K, 99% used [0x00000000f5580000,0x00000000f717ffd8,0x00000000f7180000)
  from space 11264K, 0% used [0x00000000f7580000,0x00000000f7580000,0x00000000f8080000)
  to   space 6656K, 0% used [0x00000000f8300000,0x00000000f8300000,0x00000000f8980000)
 ParOldGen       total 349696K, used 349693K [0x00000000e0000000, 0x00000000f5580000, 0x00000000f5580000)
  object space 349696K, 99% used [0x00000000e0000000,0x00000000f557f538,0x00000000f5580000)
 Metaspace       used 54921K, committed 55680K, reserved 1105920K
  class space    used 5484K, committed 5824K, reserved 1048576K
}
Event: 2077.145 GC heap before
{Heap before GC invocations=1733 (full 1630):
 PSYoungGen      total 39936K, used 28671K [0x00000000f5580000, 0x00000000f8980000, 0x0000000100000000)
  eden space 28672K, 99% used [0x00000000f5580000,0x00000000f717fff8,0x00000000f7180000)
  from space 11264K, 0% used [0x00000000f7580000,0x00000000f7580000,0x00000000f8080000)
  to   space 6656K, 0% used [0x00000000f8300000,0x00000000f8300000,0x00000000f8980000)
 ParOldGen       total 349696K, used 349693K [0x00000000e0000000, 0x00000000f5580000, 0x00000000f5580000)
  object space 349696K, 99% used [0x00000000e0000000,0x00000000f557f538,0x00000000f5580000)
 Metaspace       used 54921K, committed 55680K, reserved 1105920K
  class space    used 5484K, committed 5824K, reserved 1048576K
}
Event: 2078.367 GC heap after
{Heap after GC invocations=1733 (full 1630):
 PSYoungGen      total 35328K, used 28671K [0x00000000f5580000, 0x00000000f8980000, 0x0000000100000000)
  eden space 28672K, 99% used [0x00000000f5580000,0x00000000f717ffd8,0x00000000f7180000)
  from space 6656K, 0% used [0x00000000f8300000,0x00000000f8300000,0x00000000f8980000)
  to   space 11264K, 0% used [0x00000000f7580000,0x00000000f7580000,0x00000000f8080000)
 ParOldGen       total 349696K, used 349693K [0x00000000e0000000, 0x00000000f5580000, 0x00000000f5580000)
  object space 349696K, 99% used [0x00000000e0000000,0x00000000f557f518,0x00000000f5580000)
 Metaspace       used 54921K, committed 55680K, reserved 1105920K
  class space    used 5484K, committed 5824K, reserved 1048576K
}
Event: 2078.367 GC heap before
{Heap before GC invocations=1734 (full 1631):
 PSYoungGen      total 35328K, used 28671K [0x00000000f5580000, 0x00000000f8980000, 0x0000000100000000)
  eden space 28672K, 99% used [0x00000000f5580000,0x00000000f717fff0,0x00000000f7180000)
  from space 6656K, 0% used [0x00000000f8300000,0x00000000f8300000,0x00000000f8980000)
  to   space 11264K, 0% used [0x00000000f7580000,0x00000000f7580000,0x00000000f8080000)
 ParOldGen       total 349696K, used 349693K [0x00000000e0000000, 0x00000000f5580000, 0x00000000f5580000)
  object space 349696K, 99% used [0x00000000e0000000,0x00000000f557f518,0x00000000f5580000)
 Metaspace       used 54921K, committed 55680K, reserved 1105920K
  class space    used 5484K, committed 5824K, reserved 1048576K
}
Event: 2079.576 GC heap after
{Heap after GC invocations=1734 (full 1631):
 PSYoungGen      total 39936K, used 28671K [0x00000000f5580000, 0x00000000f8980000, 0x0000000100000000)
  eden space 28672K, 99% used [0x00000000f5580000,0x00000000f717fff0,0x00000000f7180000)
  from space 11264K, 0% used [0x00000000f7580000,0x00000000f7580000,0x00000000f8080000)
  to   space 6656K, 0% used [0x00000000f8300000,0x00000000f8300000,0x00000000f8980000)
 ParOldGen       total 349696K, used 349693K [0x00000000e0000000, 0x00000000f5580000, 0x00000000f5580000)
  object space 349696K, 99% used [0x00000000e0000000,0x00000000f557f518,0x00000000f5580000)
 Metaspace       used 54921K, committed 55680K, reserved 1105920K
  class space    used 5484K, committed 5824K, reserved 1048576K
}
Event: 2079.577 GC heap before
{Heap before GC invocations=1735 (full 1632):
 PSYoungGen      total 39936K, used 28672K [0x00000000f5580000, 0x00000000f8980000, 0x0000000100000000)
  eden space 28672K, 100% used [0x00000000f5580000,0x00000000f7180000,0x00000000f7180000)
  from space 11264K, 0% used [0x00000000f7580000,0x00000000f7580000,0x00000000f8080000)
  to   space 6656K, 0% used [0x00000000f8300000,0x00000000f8300000,0x00000000f8980000)
 ParOldGen       total 349696K, used 349694K [0x00000000e0000000, 0x00000000f5580000, 0x00000000f5580000)
  object space 349696K, 99% used [0x00000000e0000000,0x00000000f557fb10,0x00000000f5580000)
 Metaspace       used 54921K, committed 55680K, reserved 1105920K
  class space    used 5484K, committed 5824K, reserved 1048576K
}
Event: 2080.831 GC heap after
{Heap after GC invocations=1735 (full 1632):
 PSYoungGen      total 35328K, used 28671K [0x00000000f5580000, 0x00000000f8980000, 0x0000000100000000)
  eden space 28672K, 99% used [0x00000000f5580000,0x00000000f717ffb8,0x00000000f7180000)
  from space 6656K, 0% used [0x00000000f8300000,0x00000000f8300000,0x00000000f8980000)
  to   space 11264K, 0% used [0x00000000f7580000,0x00000000f7580000,0x00000000f8080000)
 ParOldGen       total 349696K, used 349693K [0x00000000e0000000, 0x00000000f5580000, 0x00000000f5580000)
  object space 349696K, 99% used [0x00000000e0000000,0x00000000f557f770,0x00000000f5580000)
 Metaspace       used 54921K, committed 55680K, reserved 1105920K
  class space    used 5484K, committed 5824K, reserved 1048576K
}
Event: 2080.831 GC heap before
{Heap before GC invocations=1736 (full 1633):
 PSYoungGen      total 35328K, used 28671K [0x00000000f5580000, 0x00000000f8980000, 0x0000000100000000)
  eden space 28672K, 99% used [0x00000000f5580000,0x00000000f717ffb8,0x00000000f7180000)
  from space 6656K, 0% used [0x00000000f8300000,0x00000000f8300000,0x00000000f8980000)
  to   space 11264K, 0% used [0x00000000f7580000,0x00000000f7580000,0x00000000f8080000)
 ParOldGen       total 349696K, used 349693K [0x00000000e0000000, 0x00000000f5580000, 0x00000000f5580000)
  object space 349696K, 99% used [0x00000000e0000000,0x00000000f557f770,0x00000000f5580000)
 Metaspace       used 54921K, committed 55680K, reserved 1105920K
  class space    used 5484K, committed 5824K, reserved 1048576K
}
Event: 2082.071 GC heap after
{Heap after GC invocations=1736 (full 1633):
 PSYoungGen      total 39936K, used 28671K [0x00000000f5580000, 0x00000000f8980000, 0x0000000100000000)
  eden space 28672K, 99% used [0x00000000f5580000,0x00000000f717ffb8,0x00000000f7180000)
  from space 11264K, 0% used [0x00000000f7580000,0x00000000f7580000,0x00000000f8080000)
  to   space 6656K, 0% used [0x00000000f8300000,0x00000000f8300000,0x00000000f8980000)
 ParOldGen       total 349696K, used 349693K [0x00000000e0000000, 0x00000000f5580000, 0x00000000f5580000)
  object space 349696K, 99% used [0x00000000e0000000,0x00000000f557f770,0x00000000f5580000)
 Metaspace       used 54921K, committed 55680K, reserved 1105920K
  class space    used 5484K, committed 5824K, reserved 1048576K
}

